# JRE version: Java(TM) SE Runtime Environment (8.0_152-b16) (build 1.8.0_152-b16)
# Java VM: Java HotSpot(TM) 64-Bit Server VM (25.152-b16 mixed mode bsd-amd64 compressed oops)
Heap:
 PSYoungGen      total 438272K, used 237014K [0x000000076ab00000, 0x000000078ac80000, 0x00000007c0000000)
  eden space 390656K, 48% used [0x000000076ab00000,0x0000000776465990,0x0000000782880000)
  from space 47616K, 99% used [0x0000000783680000,0x0000000786490020,0x0000000786500000)
  to   space 67584K, 0% used [0x0000000786a80000,0x0000000786a80000,0x000000078ac80000)
 ParOldGen       total 161280K, used 53236K [0x00000006c0000000, 0x00000006c9d80000, 0x000000076ab00000)
  object space 161280K, 33% used [0x00000006c0000000,0x00000006c33fd2b0,0x00000006c9d80000)
 Metaspace       used 54136K, capacity 57291K, committed 57472K, reserved 1099776K
  class space    used 5922K, capacity 6202K, committed 6272K, reserved 1048576K
GC Heap History (10 events):
Event: 69.726 GC heap before
{Heap before GC invocations=23 (full 2):
 PSYoungGen      total 379392K, used 364064K [0x000000076ab00000, 0x0000000785780000, 0x00000007c0000000)
  eden space 327168K, 100% used [0x000000076ab00000,0x000000077ea80000,0x000000077ea80000)
  from space 52224K, 70% used [0x0000000781f80000,0x0000000784388030,0x0000000785280000)
  to   space 54272K, 0% used [0x000000077ea80000,0x000000077ea80000,0x0000000781f80000)
 ParOldGen       total 161280K, used 51420K [0x00000006c0000000, 0x00000006c9d80000, 0x000000076ab00000)
  object space 161280K, 31% used [0x00000006c0000000,0x00000006c32372a0,0x00000006c9d80000)
 Metaspace       used 44795K, capacity 47749K, committed 47872K, reserved 1091584K
  class space    used 5364K, capacity 5624K, committed 5632K, reserved 1048576K
Event: 69.760 GC heap after
Heap after GC invocations=23 (full 2):
 PSYoungGen      total 381440K, used 39264K [0x000000076ab00000, 0x0000000788080000, 0x00000007c0000000)
  eden space 327168K, 0% used [0x000000076ab00000,0x000000076ab00000,0x000000077ea80000)
  from space 54272K, 72% used [0x000000077ea80000,0x00000007810d8020,0x0000000781f80000)
  to   space 56832K, 0% used [0x0000000784900000,0x0000000784900000,0x0000000788080000)
 ParOldGen       total 161280K, used 51428K [0x00000006c0000000, 0x00000006c9d80000, 0x000000076ab00000)
  object space 161280K, 31% used [0x00000006c0000000,0x00000006c32392a0,0x00000006c9d80000)
 Metaspace       used 44795K, capacity 47749K, committed 47872K, reserved 1091584K
  class space    used 5364K, capacity 5624K, committed 5632K, reserved 1048576K
}
Event: 74.376 GC heap before
{Heap before GC invocations=24 (full 2):
 PSYoungGen      total 381440K, used 366432K [0x000000076ab00000, 0x0000000788080000, 0x00000007c0000000)
  eden space 327168K, 100% used [0x000000076ab00000,0x000000077ea80000,0x000000077ea80000)
  from space 54272K, 72% used [0x000000077ea80000,0x00000007810d8020,0x0000000781f80000)
  to   space 56832K, 0% used [0x0000000784900000,0x0000000784900000,0x0000000788080000)
 ParOldGen       total 161280K, used 51428K [0x00000006c0000000, 0x00000006c9d80000, 0x000000076ab00000)
  object space 161280K, 31% used [0x00000006c0000000,0x00000006c32392a0,0x00000006c9d80000)
 Metaspace       used 44796K, capacity 47749K, committed 47872K, reserved 1091584K
  class space    used 5364K, capacity 5624K, committed 5632K, reserved 1048576K
Event: 74.411 GC heap after
Heap after GC invocations=24 (full 2):
 PSYoungGen      total 421376K, used 40928K [0x000000076ab00000, 0x0000000788580000, 0x00000007c0000000)
  eden space 364544K, 0% used [0x000000076ab00000,0x000000076ab00000,0x0000000780f00000)
  from space 56832K, 72% used [0x0000000784900000,0x00000007870f8030,0x0000000788080000)
  to   space 59392K, 0% used [0x0000000780f00000,0x0000000780f00000,0x0000000784900000)
 ParOldGen       total 161280K, used 51428K [0x00000006c0000000, 0x00000006c9d80000, 0x000000076ab00000)
  object space 161280K, 31% used [0x00000006c0000000,0x00000006c32392a0,0x00000006c9d80000)
 Metaspace       used 44796K, capacity 47749K, committed 47872K, reserved 1091584K
  class space    used 5364K, capacity 5624K, committed 5632K, reserved 1048576K
}
Event: 79.566 GC heap before
{Heap before GC invocations=25 (full 2):
 PSYoungGen      total 421376K, used 405472K [0x000000076ab00000, 0x0000000788580000, 0x00000007c0000000)
  eden space 364544K, 100% used [0x000000076ab00000,0x0000000780f00000,0x0000000780f00000)
  from space 56832K, 72% used [0x0000000784900000,0x00000007870f8030,0x0000000788080000)
  to   space 59392K, 0% used [0x0000000780f00000,0x0000000780f00000,0x0000000784900000)
 ParOldGen       total 161280K, used 51428K [0x00000006c0000000, 0x00000006c9d80000, 0x000000076ab00000)
  object space 161280K, 31% used [0x00000006c0000000,0x00000006c32392a0,0x00000006c9d80000)
 Metaspace       used 44796K, capacity 47749K, committed 47872K, reserved 1091584K
  class space    used 5364K, capacity 5624K, committed 5632K, reserved 1048576K
Event: 79.598 GC heap after
Heap after GC invocations=25 (full 2):
 PSYoungGen      total 423936K, used 44384K [0x000000076ab00000, 0x000000078b300000, 0x00000007c0000000)
  eden space 364544K, 0% used [0x000000076ab00000,0x000000076ab00000,0x0000000780f00000)
  from space 59392K, 74% used [0x0000000780f00000,0x0000000783a58020,0x0000000784900000)
  to   space 62464K, 0% used [0x0000000787600000,0x0000000787600000,0x000000078b300000)
 ParOldGen       total 161280K, used 51428K [0x00000006c0000000, 0x00000006c9d80000, 0x000000076ab00000)
  object space 161280K, 31% used [0x00000006c0000000,0x00000006c32392a0,0x00000006c9d80000)
 Metaspace       used 44796K, capacity 47749K, committed 47872K, reserved 1091584K
  class space    used 5364K, capacity 5624K, committed 5632K, reserved 1048576K
}
Event: 84.766 GC heap before
{Heap before GC invocations=26 (full 2):
 PSYoungGen      total 423936K, used 408928K [0x000000076ab00000, 0x000000078b300000, 0x00000007c0000000)
  eden space 364544K, 100% used [0x000000076ab00000,0x0000000780f00000,0x0000000780f00000)
  from space 59392K, 74% used [0x0000000780f00000,0x0000000783a58020,0x0000000784900000)
  to   space 62464K, 0% used [0x0000000787600000,0x0000000787600000,0x000000078b300000)
 ParOldGen       total 161280K, used 51428K [0x00000006c0000000, 0x00000006c9d80000, 0x000000076ab00000)
  object space 161280K, 31% used [0x00000006c0000000,0x00000006c32392a0,0x00000006c9d80000)
 Metaspace       used 44797K, capacity 47749K, committed 47872K, reserved 1091584K
  class space    used 5364K, capacity 5624K, committed 5632K, reserved 1048576K
Event: 84.808 GC heap after
Heap after GC invocations=26 (full 2):
 PSYoungGen      total 467456K, used 44800K [0x000000076ab00000, 0x000000078b900000, 0x00000007c0000000)
  eden space 404992K, 0% used [0x000000076ab00000,0x000000076ab00000,0x0000000783680000)
  from space 62464K, 71% used [0x0000000787600000,0x000000078a1c0030,0x000000078b300000)
  to   space 65024K, 0% used [0x0000000783680000,0x0000000783680000,0x0000000787600000)
 ParOldGen       total 161280K, used 51428K [0x00000006c0000000, 0x00000006c9d80000, 0x000000076ab00000)
  object space 161280K, 31% used [0x00000006c0000000,0x00000006c32392a0,0x00000006c9d80000)
 Metaspace       used 44797K, capacity 47749K, committed 47872K, reserved 1091584K
  class space    used 5364K, capacity 5624K, committed 5632K, reserved 1048576K
}
Event: 90.514 GC heap before
{Heap before GC invocations=27 (full 2):
 PSYoungGen      total 467456K, used 448894K [0x000000076ab00000, 0x000000078b900000, 0x00000007c0000000)
  eden space 404992K, 99% used [0x000000076ab00000,0x000000078359f840,0x0000000783680000)
  from space 62464K, 71% used [0x0000000787600000,0x000000078a1c0030,0x000000078b300000)
  to   space 65024K, 0% used [0x0000000783680000,0x0000000783680000,0x0000000787600000)
 ParOldGen       total 161280K, used 51428K [0x00000006c0000000, 0x00000006c9d80000, 0x000000076ab00000)
  object space 161280K, 31% used [0x00000006c0000000,0x00000006c32392a0,0x00000006c9d80000)
 Metaspace       used 44803K, capacity 47813K, committed 48128K, reserved 1091584K
  class space    used 5364K, capacity 5624K, committed 5632K, reserved 1048576K
Event: 90.547 GC heap after
Heap after GC invocations=27 (full 2):
 PSYoungGen      total 438272K, used 47168K [0x000000076ab00000, 0x000000078ac80000, 0x00000007c0000000)
  eden space 390656K, 0% used [0x000000076ab00000,0x000000076ab00000,0x0000000782880000)
  from space 47616K, 99% used [0x0000000783680000,0x0000000786490020,0x0000000786500000)
  to   space 67584K, 0% used [0x0000000786a80000,0x0000000786a80000,0x000000078ac80000)
 ParOldGen       total 161280K, used 53236K [0x00000006c0000000, 0x00000006c9d80000, 0x000000076ab00000)
  object space 161280K, 33% used [0x00000006c0000000,0x00000006c33fd2b0,0x00000006c9d80000)
 Metaspace       used 44803K, capacity 47813K, committed 48128K, reserved 1091584K
  class space    used 5364K, capacity 5624K, committed 5632K, reserved 1048576K
}

